Using pre-set license
Built from '2020.3/staging' branch; Version is '2020.3.9f1 (108be757e447) revision 1084391'; Using compiler version '192528614'; Build Type 'Release'
OS: 'Windows 10 Pro; OS build 19042.1052; Version 2009; 64bit' Language: 'pt' Physical Memory: 16322 MB
BatchMode: 1, IsHumanControllingUs: 0, StartBugReporterOnCrash: 0, Is64bit: 1, IsPro: 0

 COMMAND LINE ARGUMENTS:
C:\Program Files\Unity\2019.3.10f1\Editor\2020.3.9f1\Editor\Unity.exe
-adb2
-batchMode
-noUpm
-name
AssetImportWorker0
-projectPath
C:/Users/rapha/Documents/GitHub/EnemyFollow/EnemyFollow
-logFile
Logs/AssetImportWorker0.log
-srvPort
50578
Successfully changed project path to: C:/Users/rapha/Documents/GitHub/EnemyFollow/EnemyFollow
C:/Users/rapha/Documents/GitHub/EnemyFollow/EnemyFollow
Using Asset Import Pipeline V2.
Refreshing native plugins compatible for Editor in 55.30 ms, found 2 plugins.
Preloading 0 native plugins for Editor in 0.00 ms.
Initialize engine version: 2020.3.9f1 (108be757e447)
[Subsystems] Discovering subsystems at path C:/Program Files/Unity/2019.3.10f1/Editor/2020.3.9f1/Editor/Data/Resources/UnitySubsystems
[Subsystems] Discovering subsystems at path C:/Users/rapha/Documents/GitHub/EnemyFollow/EnemyFollow/Assets
GfxDevice: creating device client; threaded=0
Direct3D:
    Version:  Direct3D 11.0 [level 11.0]
    Renderer: NVIDIA GeForce GTX 750 (ID=0x1381)
    Vendor:   
    VRAM:     984 MB
    Driver:   27.21.14.5671
Initialize mono
Mono path[0] = 'C:/Program Files/Unity/2019.3.10f1/Editor/2020.3.9f1/Editor/Data/Managed'
Mono path[1] = 'C:/Program Files/Unity/2019.3.10f1/Editor/2020.3.9f1/Editor/Data/MonoBleedingEdge/lib/mono/unityjit'
Mono config path = 'C:/Program Files/Unity/2019.3.10f1/Editor/2020.3.9f1/Editor/Data/MonoBleedingEdge/etc'
Using monoOptions --debugger-agent=transport=dt_socket,embedding=1,server=y,suspend=n,address=127.0.0.1:56100
Begin MonoManager ReloadAssembly
Registering precompiled unity dll's ...
Register platform support module: C:/Program Files/Unity/2019.3.10f1/Editor/2020.3.9f1/Editor/Data/PlaybackEngines/WebGLSupport/UnityEditor.WebGL.Extensions.dll
Register platform support module: C:/Program Files/Unity/2019.3.10f1/Editor/2020.3.9f1/Editor/Data/PlaybackEngines/WindowsStandaloneSupport/UnityEditor.WindowsStandalone.Extensions.dll
Registered in 0.005791 seconds.
Native extension for WindowsStandalone target not found
Native extension for WebGL target not found
Refreshing native plugins compatible for Editor in 44.79 ms, found 2 plugins.
Preloading 0 native plugins for Editor in 0.00 ms.
Unable to find bridge dll in registry for Microsoft Visual Studio Tools for Unity for C:/Program Files (x86)/Microsoft Visual Studio/2019/Community/Common7/IDE/devenv.exe
Mono: successfully reloaded assembly
- Completed reload, in  4.082 seconds
Platform modules already initialized, skipping
Registering precompiled user dll's ...
Registered in 0.016710 seconds.
Begin MonoManager ReloadAssembly
Native extension for WindowsStandalone target not found
Native extension for WebGL target not found
Refreshing native plugins compatible for Editor in 45.84 ms, found 2 plugins.
Preloading 0 native plugins for Editor in 0.00 ms.
Mono: successfully reloaded assembly
- Completed reload, in  1.562 seconds
Platform modules already initialized, skipping
========================================================================
Worker process is ready to serve import requests
Launched and connected shader compiler UnityShaderCompiler.exe after 0.22 seconds
Refreshing native plugins compatible for Editor in 0.52 ms, found 2 plugins.
Preloading 0 native plugins for Editor in 0.00 ms.
Unloading 1824 Unused Serialized files (Serialized files now loaded: 0)
System memory in use before: 86.0 MB.
System memory in use after: 86.0 MB.

Unloading 40 unused Assets to reduce memory usage. Loaded Objects now: 2335.
Total: 2.774000 ms (FindLiveObjects: 0.282900 ms CreateObjectMapping: 0.150300 ms MarkObjects: 2.153900 ms  DeleteObjects: 0.185700 ms)

========================================================================
Received Import Request.
  path: Assets/EnemyAI.asset
  artifactKey: Guid(971865b1aae6d464484cd769d2ad921e) Importer(815301076,1909f56bfc062723c751e8b465ee728b)
Start importing Assets/EnemyAI.asset using Guid(971865b1aae6d464484cd769d2ad921e) Importer(815301076,1909f56bfc062723c751e8b465ee728b)  -> (artifact id: '54b371e91d955f35934168afbc51e23b') in 0.716889 seconds
  Import took 0.721457 seconds .

========================================================================
Received Import Request.
  Time since last request: 0.000413 seconds.
  path: Assets/PlayerMovement.asset
  artifactKey: Guid(41ae5a1b58aab5745aae687d7657e49b) Importer(815301076,1909f56bfc062723c751e8b465ee728b)
Start importing Assets/PlayerMovement.asset using Guid(41ae5a1b58aab5745aae687d7657e49b) Importer(815301076,1909f56bfc062723c751e8b465ee728b)  -> (artifact id: '0dd78b04a0316f1408f8f017befeb677') in 0.235833 seconds
  Import took 0.239953 seconds .

========================================================================
Received Import Request.
  Time since last request: 0.000429 seconds.
  path: Assets/EnemyAI.asset
  artifactKey: Guid(971865b1aae6d464484cd769d2ad921e) Importer(815301076,1909f56bfc062723c751e8b465ee728b)
Start importing Assets/EnemyAI.asset using Guid(971865b1aae6d464484cd769d2ad921e) Importer(815301076,1909f56bfc062723c751e8b465ee728b)  -> (artifact id: '54b371e91d955f35934168afbc51e23b') in 0.045290 seconds
  Import took 0.049416 seconds .

========================================================================
Received Prepare
Registering precompiled user dll's ...
Registered in 0.015919 seconds.
Begin MonoManager ReloadAssembly
Native extension for WindowsStandalone target not found
Native extension for WebGL target not found
Refreshing native plugins compatible for Editor in 0.61 ms, found 2 plugins.
Preloading 0 native plugins for Editor in 0.00 ms.
Mono: successfully reloaded assembly
- Completed reload, in  1.312 seconds
Platform modules already initialized, skipping
Refreshing native plugins compatible for Editor in 0.55 ms, found 2 plugins.
Preloading 0 native plugins for Editor in 0.00 ms.
Unloading 1819 Unused Serialized files (Serialized files now loaded: 0)
System memory in use before: 86.0 MB.
System memory in use after: 85.9 MB.

Unloading 28 unused Assets to reduce memory usage. Loaded Objects now: 2339.
Total: 3.305600 ms (FindLiveObjects: 0.247500 ms CreateObjectMapping: 0.153500 ms MarkObjects: 2.670400 ms  DeleteObjects: 0.232700 ms)

========================================================================
Received Import Request.
  Time since last request: 214.897667 seconds.
  path: Assets/EnemyAI.asset
  artifactKey: Guid(971865b1aae6d464484cd769d2ad921e) Importer(815301076,1909f56bfc062723c751e8b465ee728b)
Start importing Assets/EnemyAI.asset using Guid(971865b1aae6d464484cd769d2ad921e) Importer(815301076,1909f56bfc062723c751e8b465ee728b)  -> (artifact id: '4a5fbb4d42fc8e75603ea84530f04c8f') in 0.547982 seconds
  Import took 0.553017 seconds .

========================================================================
Received Import Request.
  Time since last request: 49.478375 seconds.
  path: Assets/EnemyAI.asset
  artifactKey: Guid(971865b1aae6d464484cd769d2ad921e) Importer(815301076,1909f56bfc062723c751e8b465ee728b)
Start importing Assets/EnemyAI.asset using Guid(971865b1aae6d464484cd769d2ad921e) Importer(815301076,1909f56bfc062723c751e8b465ee728b)  -> (artifact id: '531866fd074de249423fea33d47ffaef') in 0.014330 seconds
  Import took 0.019161 seconds .

